<?xml version="1.0" encoding="UTF-8"?>
<testsuite name="FizzBuzzTest" tests="5" skipped="0" failures="0" errors="0" timestamp="2021-08-26T15:47:44" hostname="Camilla.local" time="0.134">
  <properties/>
  <testcase name="checkIfMultipleOfThreeAndFive()" classname="FizzBuzzTest" time="0.051"/>
  <testcase name="outputResults()" classname="FizzBuzzTest" time="0.038"/>
  <testcase name="checkIfMultipleOfFive()" classname="FizzBuzzTest" time="0.01"/>
  <testcase name="checkIfMultipleOfThree()" classname="FizzBuzzTest" time="0.001"/>
  <testcase name="NotFizzOrBuzz()" classname="FizzBuzzTest" time="0.003"/>
  <system-out><![CDATA[1
2
Fizz
4
Buzz
Fizz
7
8
Fizz
Buzz
11
Fizz
13
14
FizzBuzz
16
17
Fizz
19
Buzz
Fizz
22
23
Fizz
Buzz
26
Fizz
28
29
FizzBuzz
31
32
Fizz
34
Buzz
Fizz
37
38
Fizz
Buzz
41
Fizz
43
44
FizzBuzz
46
47
Fizz
49
Buzz
]]></system-out>
  <system-err><![CDATA[]]></system-err>
</testsuite>
